2020-04-21 16:47:45,266 ----------------------------------------------------------------------------------------------------
2020-04-21 16:47:45,267 Model: "SequenceTagger(
  (embeddings): StackedEmbeddings(
    (list_embedding_0): FlairEmbeddings(
      (lm): LanguageModel(
        (drop): Dropout(p=0.25, inplace=False)
        (encoder): Embedding(275, 100)
        (rnn): LSTM(100, 1024)
        (decoder): Linear(in_features=1024, out_features=275, bias=True)
      )
    )
    (list_embedding_1): FlairEmbeddings(
      (lm): LanguageModel(
        (drop): Dropout(p=0.25, inplace=False)
        (encoder): Embedding(275, 100)
        (rnn): LSTM(100, 1024)
        (decoder): Linear(in_features=1024, out_features=275, bias=True)
      )
    )
  )
  (word_dropout): WordDropout(p=0.05)
  (locked_dropout): LockedDropout(p=0.5)
  (embedding2nn): Linear(in_features=2048, out_features=2048, bias=True)
  (rnn): LSTM(2048, 256, batch_first=True, bidirectional=True)
  (linear): Linear(in_features=512, out_features=21, bias=True)
  (beta): 1.0
  (weights): None
  (weight_tensor) None
)"
2020-04-21 16:47:45,267 ----------------------------------------------------------------------------------------------------
2020-04-21 16:47:45,268 Corpus: "Corpus: 3753 train + 784 dev + 890 test sentences"
2020-04-21 16:47:45,268 ----------------------------------------------------------------------------------------------------
2020-04-21 16:47:45,268 Parameters:
2020-04-21 16:47:45,268  - learning_rate: "1.0"
2020-04-21 16:47:45,268  - mini_batch_size: "32"
2020-04-21 16:47:45,268  - patience: "1"
2020-04-21 16:47:45,268  - anneal_factor: "0.5"
2020-04-21 16:47:45,268  - max_epochs: "100"
2020-04-21 16:47:45,268  - shuffle: "True"
2020-04-21 16:47:45,268  - train_with_dev: "False"
2020-04-21 16:47:45,268  - batch_growth_annealing: "False"
2020-04-21 16:47:45,268 ----------------------------------------------------------------------------------------------------
2020-04-21 16:47:45,268 Model training base path: "/tmp"
2020-04-21 16:47:45,268 ----------------------------------------------------------------------------------------------------
2020-04-21 16:47:45,268 Device: cpu
2020-04-21 16:47:45,268 ----------------------------------------------------------------------------------------------------
2020-04-21 16:47:45,268 Embeddings storage mode: cpu
2020-04-21 16:47:45,269 ----------------------------------------------------------------------------------------------------
2020-04-21 16:48:20,258 epoch 1 - iter 11/118 - loss 22.77042996 - samples/sec: 10.06
2020-04-21 16:48:51,744 epoch 1 - iter 22/118 - loss 14.65944834 - samples/sec: 11.19
2020-04-21 16:49:28,989 epoch 1 - iter 33/118 - loss 11.77327328 - samples/sec: 9.45
2020-04-21 16:49:57,530 epoch 1 - iter 44/118 - loss 10.09124626 - samples/sec: 12.34
2020-04-21 16:50:29,557 epoch 1 - iter 55/118 - loss 9.12192935 - samples/sec: 11.00
2020-04-21 16:50:58,582 epoch 1 - iter 66/118 - loss 8.60599838 - samples/sec: 12.14
2020-04-21 16:51:29,091 epoch 1 - iter 77/118 - loss 7.99423233 - samples/sec: 11.54
2020-04-21 16:51:57,229 epoch 1 - iter 88/118 - loss 7.68409501 - samples/sec: 12.52
2020-04-21 16:52:30,341 epoch 1 - iter 99/118 - loss 7.42398717 - samples/sec: 10.64
2020-04-21 16:53:03,050 epoch 1 - iter 110/118 - loss 7.27462782 - samples/sec: 10.77
2020-04-21 16:53:21,088 ----------------------------------------------------------------------------------------------------
2020-04-21 16:53:21,088 EPOCH 1 done: loss 7.0856 - lr 1.0000
2020-04-21 16:54:52,009 DEV : loss 3.7663357257843018 - score 0.9521
2020-04-21 16:56:06,562 TEST : loss 3.903959274291992 - score 0.9437
2020-04-21 16:56:06,648 BAD EPOCHS (no improvement): 0
2020-04-21 16:56:06,860 ----------------------------------------------------------------------------------------------------
2020-04-21 16:56:10,379 epoch 2 - iter 11/118 - loss 4.61414682 - samples/sec: 100.68
2020-04-21 16:56:14,109 epoch 2 - iter 22/118 - loss 4.96826117 - samples/sec: 94.77
2020-04-21 16:56:17,462 epoch 2 - iter 33/118 - loss 4.95849708 - samples/sec: 105.53
2020-04-21 16:56:20,958 epoch 2 - iter 44/118 - loss 4.96680285 - samples/sec: 101.05
2020-04-21 16:56:24,193 epoch 2 - iter 55/118 - loss 4.98991353 - samples/sec: 109.23
2020-04-21 16:56:27,475 epoch 2 - iter 66/118 - loss 5.10248598 - samples/sec: 108.11
2020-04-21 16:56:30,311 epoch 2 - iter 77/118 - loss 4.99739937 - samples/sec: 124.65
2020-04-21 16:56:33,078 epoch 2 - iter 88/118 - loss 4.98761926 - samples/sec: 127.87
2020-04-21 16:56:36,803 epoch 2 - iter 99/118 - loss 4.99897138 - samples/sec: 94.81
2020-04-21 16:56:40,240 epoch 2 - iter 110/118 - loss 4.95358043 - samples/sec: 102.77
2020-04-21 16:56:42,441 ----------------------------------------------------------------------------------------------------
2020-04-21 16:56:42,441 EPOCH 2 done: loss 4.9408 - lr 1.0000
2020-04-21 16:57:14,410 DEV : loss 3.7542009353637695 - score 0.9512
2020-04-21 16:57:20,194 TEST : loss 3.5827505588531494 - score 0.9464
2020-04-21 16:57:20,301 BAD EPOCHS (no improvement): 1
2020-04-21 16:57:20,303 ----------------------------------------------------------------------------------------------------
2020-04-21 16:57:23,800 epoch 3 - iter 11/118 - loss 5.10483269 - samples/sec: 100.74
2020-04-21 16:57:26,781 epoch 3 - iter 22/118 - loss 4.83832153 - samples/sec: 118.62
2020-04-21 16:57:30,260 epoch 3 - iter 33/118 - loss 5.01969210 - samples/sec: 101.56
2020-04-21 16:57:33,380 epoch 3 - iter 44/118 - loss 4.88717049 - samples/sec: 113.26
2020-04-21 16:57:36,501 epoch 3 - iter 55/118 - loss 4.73152474 - samples/sec: 113.30
2020-04-21 16:57:39,769 epoch 3 - iter 66/118 - loss 4.64739452 - samples/sec: 108.10
2020-04-21 16:57:43,717 epoch 3 - iter 77/118 - loss 4.66976056 - samples/sec: 89.54
2020-04-21 16:57:46,591 epoch 3 - iter 88/118 - loss 4.70285625 - samples/sec: 123.05
2020-04-21 16:57:49,785 epoch 3 - iter 99/118 - loss 4.69003963 - samples/sec: 110.62
2020-04-21 16:57:53,303 epoch 3 - iter 110/118 - loss 4.65858688 - samples/sec: 100.41
2020-04-21 16:57:55,319 ----------------------------------------------------------------------------------------------------
2020-04-21 16:57:55,320 EPOCH 3 done: loss 4.7247 - lr 1.0000
2020-04-21 16:58:28,951 DEV : loss 9.367056846618652 - score 0.8805
2020-04-21 16:58:34,282 TEST : loss 8.189698219299316 - score 0.8833
2020-04-21 16:58:34,355 BAD EPOCHS (no improvement): 2
2020-04-21 16:58:34,356 ----------------------------------------------------------------------------------------------------
2020-04-21 16:58:37,930 epoch 4 - iter 11/118 - loss 5.15252926 - samples/sec: 98.54
2020-04-21 16:58:40,722 epoch 4 - iter 22/118 - loss 4.65430968 - samples/sec: 126.89
2020-04-21 16:58:44,428 epoch 4 - iter 33/118 - loss 4.42779818 - samples/sec: 95.36
2020-04-21 16:58:47,507 epoch 4 - iter 44/118 - loss 4.24167939 - samples/sec: 114.79
2020-04-21 16:58:50,468 epoch 4 - iter 55/118 - loss 4.16308978 - samples/sec: 119.55
2020-04-21 16:58:53,783 epoch 4 - iter 66/118 - loss 4.15005169 - samples/sec: 106.67
2020-04-21 16:58:56,939 epoch 4 - iter 77/118 - loss 4.12107890 - samples/sec: 111.97
2020-04-21 16:59:01,107 epoch 4 - iter 88/118 - loss 4.06668984 - samples/sec: 84.78
2020-04-21 16:59:04,901 epoch 4 - iter 99/118 - loss 4.05701793 - samples/sec: 93.09
2020-04-21 16:59:08,539 epoch 4 - iter 110/118 - loss 3.99159304 - samples/sec: 97.20
2020-04-21 16:59:10,743 ----------------------------------------------------------------------------------------------------
2020-04-21 16:59:10,744 EPOCH 4 done: loss 3.9321 - lr 0.5000
2020-04-21 16:59:43,214 DEV : loss 2.4653780460357666 - score 0.9647
2020-04-21 16:59:48,961 TEST : loss 2.515016555786133 - score 0.9614
2020-04-21 16:59:49,029 BAD EPOCHS (no improvement): 0
2020-04-21 16:59:49,214 ----------------------------------------------------------------------------------------------------
2020-04-21 16:59:52,446 epoch 5 - iter 11/118 - loss 3.52026417 - samples/sec: 109.01
2020-04-21 16:59:55,426 epoch 5 - iter 22/118 - loss 3.56470222 - samples/sec: 118.62
2020-04-21 16:59:58,374 epoch 5 - iter 33/118 - loss 3.69825105 - samples/sec: 119.89
2020-04-21 17:00:01,913 epoch 5 - iter 44/118 - loss 3.73615841 - samples/sec: 99.87
2020-04-21 17:00:06,770 epoch 5 - iter 55/118 - loss 3.77989978 - samples/sec: 72.86
2020-04-21 17:00:11,098 epoch 5 - iter 66/118 - loss 3.71073933 - samples/sec: 81.65
2020-04-21 17:00:14,714 epoch 5 - iter 77/118 - loss 3.66423398 - samples/sec: 97.76
2020-04-21 17:00:18,722 epoch 5 - iter 88/118 - loss 3.69733574 - samples/sec: 88.20
2020-04-21 17:00:22,558 epoch 5 - iter 99/118 - loss 3.71423289 - samples/sec: 92.08
2020-04-21 17:00:25,695 epoch 5 - iter 110/118 - loss 3.67590045 - samples/sec: 112.81
2020-04-21 17:00:27,606 ----------------------------------------------------------------------------------------------------
2020-04-21 17:00:27,606 EPOCH 5 done: loss 3.6752 - lr 0.5000
2020-04-21 17:00:58,947 DEV : loss 2.4256772994995117 - score 0.9627
2020-04-21 17:01:05,192 TEST : loss 2.5926151275634766 - score 0.957
2020-04-21 17:01:05,297 BAD EPOCHS (no improvement): 1
2020-04-21 17:01:05,298 ----------------------------------------------------------------------------------------------------
2020-04-21 17:01:08,445 epoch 6 - iter 11/118 - loss 3.59400652 - samples/sec: 111.97
2020-04-21 17:01:11,903 epoch 6 - iter 22/118 - loss 3.64950113 - samples/sec: 102.32
2020-04-21 17:01:15,454 epoch 6 - iter 33/118 - loss 3.57957275 - samples/sec: 99.48
2020-04-21 17:01:19,093 epoch 6 - iter 44/118 - loss 3.45054662 - samples/sec: 97.21
2020-04-21 17:01:22,539 epoch 6 - iter 55/118 - loss 3.47179885 - samples/sec: 102.54
2020-04-21 17:01:26,045 epoch 6 - iter 66/118 - loss 3.52852743 - samples/sec: 100.86
2020-04-21 17:01:29,485 epoch 6 - iter 77/118 - loss 3.57327495 - samples/sec: 102.75
2020-04-21 17:01:32,886 epoch 6 - iter 88/118 - loss 3.60897328 - samples/sec: 103.94
2020-04-21 17:01:35,724 epoch 6 - iter 99/118 - loss 3.58454433 - samples/sec: 124.59
2020-04-21 17:01:38,629 epoch 6 - iter 110/118 - loss 3.57190417 - samples/sec: 121.70
2020-04-21 17:01:41,108 ----------------------------------------------------------------------------------------------------
2020-04-21 17:01:41,108 EPOCH 6 done: loss 3.6050 - lr 0.5000
2020-04-21 17:02:13,978 DEV : loss 2.1467700004577637 - score 0.9683
2020-04-21 17:02:20,520 TEST : loss 2.2113590240478516 - score 0.9645
2020-04-21 17:02:20,601 BAD EPOCHS (no improvement): 0
2020-04-21 17:02:20,798 ----------------------------------------------------------------------------------------------------
2020-04-21 17:02:24,228 epoch 7 - iter 11/118 - loss 3.66900240 - samples/sec: 102.71
2020-04-21 17:02:27,730 epoch 7 - iter 22/118 - loss 3.57111715 - samples/sec: 101.03
2020-04-21 17:02:31,423 epoch 7 - iter 33/118 - loss 3.69831878 - samples/sec: 95.91
2020-04-21 17:02:34,812 epoch 7 - iter 44/118 - loss 3.75121570 - samples/sec: 104.47
2020-04-21 17:02:38,029 epoch 7 - iter 55/118 - loss 3.65490269 - samples/sec: 109.90
2020-04-21 17:02:41,429 epoch 7 - iter 66/118 - loss 3.54134802 - samples/sec: 103.91
2020-04-21 17:02:45,022 epoch 7 - iter 77/118 - loss 3.62403459 - samples/sec: 98.43
2020-04-21 17:02:48,363 epoch 7 - iter 88/118 - loss 3.61553616 - samples/sec: 105.81
2020-04-21 17:02:51,752 epoch 7 - iter 99/118 - loss 3.57650876 - samples/sec: 104.35
2020-04-21 17:02:54,789 epoch 7 - iter 110/118 - loss 3.56132760 - samples/sec: 116.38
2020-04-21 17:02:56,835 ----------------------------------------------------------------------------------------------------
2020-04-21 17:02:56,836 EPOCH 7 done: loss 3.5976 - lr 0.5000
2020-04-21 17:03:28,429 DEV : loss 2.928610324859619 - score 0.9509
2020-04-21 17:03:34,547 TEST : loss 3.1921327114105225 - score 0.9361
2020-04-21 17:03:34,620 BAD EPOCHS (no improvement): 1
2020-04-21 17:03:34,620 ----------------------------------------------------------------------------------------------------
2020-04-21 17:03:37,833 epoch 8 - iter 11/118 - loss 3.21161738 - samples/sec: 109.66
2020-04-21 17:03:41,368 epoch 8 - iter 22/118 - loss 3.26559146 - samples/sec: 100.12
2020-04-21 17:03:44,520 epoch 8 - iter 33/118 - loss 3.39567176 - samples/sec: 112.26
2020-04-21 17:03:47,903 epoch 8 - iter 44/118 - loss 3.41799653 - samples/sec: 104.45
2020-04-21 17:03:50,544 epoch 8 - iter 55/118 - loss 3.42255437 - samples/sec: 134.15
2020-04-21 17:03:53,858 epoch 8 - iter 66/118 - loss 3.51883367 - samples/sec: 106.62
2020-04-21 17:03:57,146 epoch 8 - iter 77/118 - loss 3.48491464 - samples/sec: 107.53
2020-04-21 17:04:00,143 epoch 8 - iter 88/118 - loss 3.50912257 - samples/sec: 118.10
2020-04-21 17:04:04,301 epoch 8 - iter 99/118 - loss 3.52995630 - samples/sec: 84.98
2020-04-21 17:04:07,519 epoch 8 - iter 110/118 - loss 3.47709262 - samples/sec: 109.96
2020-04-21 17:04:09,582 ----------------------------------------------------------------------------------------------------
2020-04-21 17:04:09,582 EPOCH 8 done: loss 3.4952 - lr 0.5000
2020-04-21 17:04:40,377 DEV : loss 2.331855535507202 - score 0.9636
2020-04-21 17:04:46,242 TEST : loss 2.4240074157714844 - score 0.958
2020-04-21 17:04:46,313 BAD EPOCHS (no improvement): 2
2020-04-21 17:04:46,314 ----------------------------------------------------------------------------------------------------
2020-04-21 17:04:49,745 epoch 9 - iter 11/118 - loss 3.25712169 - samples/sec: 102.62
2020-04-21 17:04:52,805 epoch 9 - iter 22/118 - loss 3.37108026 - samples/sec: 115.52
2020-04-21 17:04:55,844 epoch 9 - iter 33/118 - loss 3.35952503 - samples/sec: 116.43
2020-04-21 17:04:59,105 epoch 9 - iter 44/118 - loss 3.31343683 - samples/sec: 108.37
2020-04-21 17:05:03,924 epoch 9 - iter 55/118 - loss 3.41956276 - samples/sec: 73.34
2020-04-21 17:05:07,545 epoch 9 - iter 66/118 - loss 3.39349924 - samples/sec: 97.68
2020-04-21 17:05:10,721 epoch 9 - iter 77/118 - loss 3.35407300 - samples/sec: 111.29
2020-04-21 17:05:14,448 epoch 9 - iter 88/118 - loss 3.36276456 - samples/sec: 94.83
2020-04-21 17:05:18,163 epoch 9 - iter 99/118 - loss 3.31099240 - samples/sec: 95.13
2020-04-21 17:05:22,499 epoch 9 - iter 110/118 - loss 3.34217282 - samples/sec: 81.45
2020-04-21 17:05:24,858 ----------------------------------------------------------------------------------------------------
2020-04-21 17:05:24,859 EPOCH 9 done: loss 3.3459 - lr 0.2500
2020-04-21 17:05:56,135 DEV : loss 2.1465935707092285 - score 0.9676
2020-04-21 17:06:01,751 TEST : loss 2.1130332946777344 - score 0.9637
2020-04-21 17:06:01,871 BAD EPOCHS (no improvement): 1
2020-04-21 17:06:01,872 ----------------------------------------------------------------------------------------------------
2020-04-21 17:06:06,307 epoch 10 - iter 11/118 - loss 3.71552368 - samples/sec: 79.40
2020-04-21 17:06:09,184 epoch 10 - iter 22/118 - loss 3.40994129 - samples/sec: 122.96
2020-04-21 17:06:12,032 epoch 10 - iter 33/118 - loss 3.25967844 - samples/sec: 124.09
2020-04-21 17:06:17,376 epoch 10 - iter 44/118 - loss 3.30567839 - samples/sec: 66.03
2020-04-21 17:06:21,314 epoch 10 - iter 55/118 - loss 3.30351957 - samples/sec: 89.71
2020-04-21 17:06:24,443 epoch 10 - iter 66/118 - loss 3.33310320 - samples/sec: 113.02
2020-04-21 17:06:27,435 epoch 10 - iter 77/118 - loss 3.29402016 - samples/sec: 118.36
2020-04-21 17:06:30,696 epoch 10 - iter 88/118 - loss 3.26299147 - samples/sec: 108.35
2020-04-21 17:06:33,844 epoch 10 - iter 99/118 - loss 3.24790103 - samples/sec: 112.41
2020-04-21 17:06:37,486 epoch 10 - iter 110/118 - loss 3.21226184 - samples/sec: 96.98
2020-04-21 17:06:39,657 ----------------------------------------------------------------------------------------------------
2020-04-21 17:06:39,658 EPOCH 10 done: loss 3.2145 - lr 0.2500
2020-04-21 17:07:13,841 DEV : loss 2.073627233505249 - score 0.9682
2020-04-21 17:07:20,759 TEST : loss 2.0855631828308105 - score 0.9642
2020-04-21 17:07:20,879 BAD EPOCHS (no improvement): 2
2020-04-21 17:07:20,880 ----------------------------------------------------------------------------------------------------
2020-04-21 17:07:24,129 epoch 11 - iter 11/118 - loss 2.99990067 - samples/sec: 108.43
2020-04-21 17:07:27,357 epoch 11 - iter 22/118 - loss 3.14039105 - samples/sec: 109.45
2020-04-21 17:07:30,496 epoch 11 - iter 33/118 - loss 3.07947790 - samples/sec: 112.75
2020-04-21 17:07:33,558 epoch 11 - iter 44/118 - loss 3.13283628 - samples/sec: 115.48
2020-04-21 17:07:36,947 epoch 11 - iter 55/118 - loss 3.15124443 - samples/sec: 104.29
2020-04-21 17:07:40,448 epoch 11 - iter 66/118 - loss 3.14034345 - samples/sec: 100.96
2020-04-21 17:07:43,846 epoch 11 - iter 77/118 - loss 3.12512148 - samples/sec: 103.97
2020-04-21 17:07:47,099 epoch 11 - iter 88/118 - loss 3.13415278 - samples/sec: 108.70
2020-04-21 17:07:50,528 epoch 11 - iter 99/118 - loss 3.13038298 - samples/sec: 103.07
2020-04-21 17:07:53,999 epoch 11 - iter 110/118 - loss 3.13709981 - samples/sec: 101.90
2020-04-21 17:07:55,898 ----------------------------------------------------------------------------------------------------
2020-04-21 17:07:55,898 EPOCH 11 done: loss 3.1482 - lr 0.1250
2020-04-21 17:08:29,227 DEV : loss 2.052910566329956 - score 0.9681
2020-04-21 17:08:35,235 TEST : loss 2.025787591934204 - score 0.9648
2020-04-21 17:08:35,306 BAD EPOCHS (no improvement): 1
2020-04-21 17:08:35,306 ----------------------------------------------------------------------------------------------------
2020-04-21 17:08:38,572 epoch 12 - iter 11/118 - loss 2.87063235 - samples/sec: 107.85
2020-04-21 17:08:41,505 epoch 12 - iter 22/118 - loss 3.05455149 - samples/sec: 120.58
2020-04-21 17:08:44,476 epoch 12 - iter 33/118 - loss 3.02612956 - samples/sec: 119.11
2020-04-21 17:08:48,240 epoch 12 - iter 44/118 - loss 3.00203947 - samples/sec: 93.81
2020-04-21 17:08:51,933 epoch 12 - iter 55/118 - loss 3.03541315 - samples/sec: 95.64
2020-04-21 17:08:55,383 epoch 12 - iter 66/118 - loss 3.13498711 - samples/sec: 102.44
2020-04-21 17:08:58,462 epoch 12 - iter 77/118 - loss 3.10954844 - samples/sec: 114.92
2020-04-21 17:09:02,586 epoch 12 - iter 88/118 - loss 3.10337941 - samples/sec: 85.64
2020-04-21 17:09:06,978 epoch 12 - iter 99/118 - loss 3.10849605 - samples/sec: 80.46
2020-04-21 17:09:10,381 epoch 12 - iter 110/118 - loss 3.12314402 - samples/sec: 103.95
2020-04-21 17:09:12,944 ----------------------------------------------------------------------------------------------------
2020-04-21 17:09:12,945 EPOCH 12 done: loss 3.1201 - lr 0.1250
2020-04-21 17:09:44,590 DEV : loss 2.0664727687835693 - score 0.9674
2020-04-21 17:09:50,910 TEST : loss 2.023294448852539 - score 0.9646
2020-04-21 17:09:51,021 BAD EPOCHS (no improvement): 2
2020-04-21 17:09:51,021 ----------------------------------------------------------------------------------------------------
2020-04-21 17:09:54,605 epoch 13 - iter 11/118 - loss 3.38531470 - samples/sec: 98.28
2020-04-21 17:09:57,614 epoch 13 - iter 22/118 - loss 2.97791066 - samples/sec: 117.52
2020-04-21 17:10:01,147 epoch 13 - iter 33/118 - loss 2.98480543 - samples/sec: 100.00
2020-04-21 17:10:04,875 epoch 13 - iter 44/118 - loss 3.01812338 - samples/sec: 94.70
2020-04-21 17:10:08,646 epoch 13 - iter 55/118 - loss 3.07176929 - samples/sec: 93.66
2020-04-21 17:10:12,234 epoch 13 - iter 66/118 - loss 3.13004138 - samples/sec: 98.45
2020-04-21 17:10:15,561 epoch 13 - iter 77/118 - loss 3.14619319 - samples/sec: 106.20
2020-04-21 17:10:19,179 epoch 13 - iter 88/118 - loss 3.12896950 - samples/sec: 97.75
2020-04-21 17:10:22,828 epoch 13 - iter 99/118 - loss 3.12542442 - samples/sec: 96.93
2020-04-21 17:10:26,197 epoch 13 - iter 110/118 - loss 3.12795015 - samples/sec: 105.03
2020-04-21 17:10:28,470 ----------------------------------------------------------------------------------------------------
2020-04-21 17:10:28,470 EPOCH 13 done: loss 3.1209 - lr 0.0625
2020-04-21 17:11:00,264 DEV : loss 2.0061140060424805 - score 0.9685
2020-04-21 17:11:07,804 TEST : loss 2.0066685676574707 - score 0.9643
2020-04-21 17:11:07,873 BAD EPOCHS (no improvement): 0
2020-04-21 17:11:08,081 ----------------------------------------------------------------------------------------------------
2020-04-21 17:11:11,120 epoch 14 - iter 11/118 - loss 2.95871830 - samples/sec: 115.92
2020-04-21 17:11:14,410 epoch 14 - iter 22/118 - loss 2.98486523 - samples/sec: 107.36
2020-04-21 17:11:17,904 epoch 14 - iter 33/118 - loss 3.02845779 - samples/sec: 101.36
2020-04-21 17:11:20,676 epoch 14 - iter 44/118 - loss 3.03943435 - samples/sec: 127.57
2020-04-21 17:11:24,620 epoch 14 - iter 55/118 - loss 2.99209414 - samples/sec: 89.53
2020-04-21 17:11:27,901 epoch 14 - iter 66/118 - loss 3.02312197 - samples/sec: 107.80
2020-04-21 17:11:31,039 epoch 14 - iter 77/118 - loss 3.03479750 - samples/sec: 112.55
2020-04-21 17:11:34,482 epoch 14 - iter 88/118 - loss 3.05808433 - samples/sec: 102.59
2020-04-21 17:11:37,287 epoch 14 - iter 99/118 - loss 3.03298621 - samples/sec: 126.06
2020-04-21 17:11:40,722 epoch 14 - iter 110/118 - loss 3.04809098 - samples/sec: 102.94
2020-04-21 17:11:43,127 ----------------------------------------------------------------------------------------------------
2020-04-21 17:11:43,128 EPOCH 14 done: loss 3.0518 - lr 0.0625
2020-04-21 17:12:15,648 DEV : loss 2.013439416885376 - score 0.9688
2020-04-21 17:12:22,098 TEST : loss 2.0051605701446533 - score 0.9647
2020-04-21 17:12:22,185 BAD EPOCHS (no improvement): 0
2020-04-21 17:12:22,420 ----------------------------------------------------------------------------------------------------
2020-04-21 17:12:26,268 epoch 15 - iter 11/118 - loss 2.85619554 - samples/sec: 91.56
2020-04-21 17:12:29,662 epoch 15 - iter 22/118 - loss 2.97226482 - samples/sec: 104.09
2020-04-21 17:12:33,131 epoch 15 - iter 33/118 - loss 3.00875766 - samples/sec: 101.80
2020-04-21 17:12:36,198 epoch 15 - iter 44/118 - loss 3.02722196 - samples/sec: 115.38
2020-04-21 17:12:39,622 epoch 15 - iter 55/118 - loss 3.07091384 - samples/sec: 103.30
2020-04-21 17:12:42,789 epoch 15 - iter 66/118 - loss 3.07842722 - samples/sec: 111.69
2020-04-21 17:12:46,261 epoch 15 - iter 77/118 - loss 3.05264809 - samples/sec: 101.72
2020-04-21 17:12:49,892 epoch 15 - iter 88/118 - loss 3.10687935 - samples/sec: 97.32
2020-04-21 17:12:53,361 epoch 15 - iter 99/118 - loss 3.10169225 - samples/sec: 101.83
2020-04-21 17:12:56,562 epoch 15 - iter 110/118 - loss 3.07528583 - samples/sec: 110.43
2020-04-21 17:12:58,215 ----------------------------------------------------------------------------------------------------
2020-04-21 17:12:58,215 EPOCH 15 done: loss 3.0386 - lr 0.0625
2020-04-21 17:13:29,454 DEV : loss 1.9988857507705688 - score 0.9691
2020-04-21 17:13:35,479 TEST : loss 2.003204107284546 - score 0.9641
2020-04-21 17:13:35,551 BAD EPOCHS (no improvement): 0
2020-04-21 17:13:35,722 ----------------------------------------------------------------------------------------------------
2020-04-21 17:13:38,566 epoch 16 - iter 11/118 - loss 2.91989595 - samples/sec: 123.87
2020-04-21 17:13:42,275 epoch 16 - iter 22/118 - loss 2.97873841 - samples/sec: 95.35
2020-04-21 17:13:45,672 epoch 16 - iter 33/118 - loss 2.88147503 - samples/sec: 103.98
2020-04-21 17:13:49,291 epoch 16 - iter 44/118 - loss 2.93884449 - samples/sec: 97.59
2020-04-21 17:13:52,668 epoch 16 - iter 55/118 - loss 3.02705587 - samples/sec: 104.68
2020-04-21 17:13:56,256 epoch 16 - iter 66/118 - loss 2.99877968 - samples/sec: 98.48
2020-04-21 17:13:59,148 epoch 16 - iter 77/118 - loss 3.06684065 - samples/sec: 122.29
2020-04-21 17:14:02,194 epoch 16 - iter 88/118 - loss 3.07642420 - samples/sec: 116.21
2020-04-21 17:14:06,214 epoch 16 - iter 99/118 - loss 3.05946602 - samples/sec: 88.14
2020-04-21 17:14:09,451 epoch 16 - iter 110/118 - loss 3.02921459 - samples/sec: 109.21
2020-04-21 17:14:12,562 ----------------------------------------------------------------------------------------------------
2020-04-21 17:14:12,562 EPOCH 16 done: loss 3.0338 - lr 0.0625
2020-04-21 17:14:44,309 DEV : loss 2.001615524291992 - score 0.9683
2020-04-21 17:14:49,952 TEST : loss 2.0048744678497314 - score 0.9636
2020-04-21 17:14:50,037 BAD EPOCHS (no improvement): 1
2020-04-21 17:14:50,037 ----------------------------------------------------------------------------------------------------
2020-04-21 17:14:53,582 epoch 17 - iter 11/118 - loss 3.13881477 - samples/sec: 99.38
2020-04-21 17:14:57,744 epoch 17 - iter 22/118 - loss 3.17956937 - samples/sec: 84.95
2020-04-21 17:15:00,789 epoch 17 - iter 33/118 - loss 3.07994014 - samples/sec: 116.23
2020-04-21 17:15:04,528 epoch 17 - iter 44/118 - loss 3.07954616 - samples/sec: 94.49
2020-04-21 17:15:07,841 epoch 17 - iter 55/118 - loss 3.09604457 - samples/sec: 106.76
2020-04-21 17:15:11,450 epoch 17 - iter 66/118 - loss 3.10690326 - samples/sec: 97.88
2020-04-21 17:15:14,492 epoch 17 - iter 77/118 - loss 3.11246773 - samples/sec: 116.20
2020-04-21 17:15:17,551 epoch 17 - iter 88/118 - loss 3.11775102 - samples/sec: 115.67
2020-04-21 17:15:20,784 epoch 17 - iter 99/118 - loss 3.09694222 - samples/sec: 109.28
2020-04-21 17:15:23,932 epoch 17 - iter 110/118 - loss 3.09319801 - samples/sec: 112.29
2020-04-21 17:15:26,606 ----------------------------------------------------------------------------------------------------
2020-04-21 17:15:26,606 EPOCH 17 done: loss 3.0810 - lr 0.0625
2020-04-21 17:15:59,482 DEV : loss 1.9866724014282227 - score 0.9685
2020-04-21 17:16:06,365 TEST : loss 1.9832814931869507 - score 0.9642
2020-04-21 17:16:06,469 BAD EPOCHS (no improvement): 2
2020-04-21 17:16:06,469 ----------------------------------------------------------------------------------------------------
2020-04-21 17:16:09,662 epoch 18 - iter 11/118 - loss 2.98425726 - samples/sec: 110.32
2020-04-21 17:16:12,843 epoch 18 - iter 22/118 - loss 2.95926898 - samples/sec: 111.18
2020-04-21 17:16:15,910 epoch 18 - iter 33/118 - loss 3.06345347 - samples/sec: 115.42
2020-04-21 17:16:19,302 epoch 18 - iter 44/118 - loss 3.14277919 - samples/sec: 104.15
2020-04-21 17:16:22,403 epoch 18 - iter 55/118 - loss 3.04115795 - samples/sec: 113.98
2020-04-21 17:16:25,737 epoch 18 - iter 66/118 - loss 2.99102799 - samples/sec: 106.01
2020-04-21 17:16:28,968 epoch 18 - iter 77/118 - loss 3.01716384 - samples/sec: 109.48
2020-04-21 17:16:32,467 epoch 18 - iter 88/118 - loss 2.97557531 - samples/sec: 101.00
2020-04-21 17:16:35,892 epoch 18 - iter 99/118 - loss 3.00171678 - samples/sec: 103.14
2020-04-21 17:16:38,864 epoch 18 - iter 110/118 - loss 3.04632203 - samples/sec: 118.99
2020-04-21 17:16:41,460 ----------------------------------------------------------------------------------------------------
2020-04-21 17:16:41,460 EPOCH 18 done: loss 3.0421 - lr 0.0312
2020-04-21 17:17:14,179 DEV : loss 1.9876326322555542 - score 0.9688
2020-04-21 17:17:19,996 TEST : loss 1.970319390296936 - score 0.9646
2020-04-21 17:17:20,114 BAD EPOCHS (no improvement): 1
2020-04-21 17:17:20,115 ----------------------------------------------------------------------------------------------------
2020-04-21 17:17:23,294 epoch 19 - iter 11/118 - loss 3.14266682 - samples/sec: 110.84
2020-04-21 17:17:26,512 epoch 19 - iter 22/118 - loss 3.06317724 - samples/sec: 109.85
2020-04-21 17:17:29,834 epoch 19 - iter 33/118 - loss 3.04233125 - samples/sec: 106.37
2020-04-21 17:17:32,758 epoch 19 - iter 44/118 - loss 3.05027113 - samples/sec: 121.23
2020-04-21 17:17:35,840 epoch 19 - iter 55/118 - loss 3.06641355 - samples/sec: 114.68
2020-04-21 17:17:39,188 epoch 19 - iter 66/118 - loss 3.06811780 - samples/sec: 105.55
2020-04-21 17:17:42,882 epoch 19 - iter 77/118 - loss 3.06106067 - samples/sec: 95.73
2020-04-21 17:17:45,914 epoch 19 - iter 88/118 - loss 3.02742136 - samples/sec: 116.83
2020-04-21 17:17:48,702 epoch 19 - iter 99/118 - loss 3.02199906 - samples/sec: 126.82
2020-04-21 17:17:51,937 epoch 19 - iter 110/118 - loss 2.98713656 - samples/sec: 109.30
2020-04-21 17:17:54,314 ----------------------------------------------------------------------------------------------------
2020-04-21 17:17:54,315 EPOCH 19 done: loss 2.9920 - lr 0.0312
2020-04-21 17:18:28,535 DEV : loss 1.9803799390792847 - score 0.9691
2020-04-21 17:18:34,323 TEST : loss 1.9750038385391235 - score 0.9646
2020-04-21 17:18:34,397 BAD EPOCHS (no improvement): 2
2020-04-21 17:18:34,592 ----------------------------------------------------------------------------------------------------
2020-04-21 17:18:38,046 epoch 20 - iter 11/118 - loss 2.93853853 - samples/sec: 102.43
2020-04-21 17:18:41,403 epoch 20 - iter 22/118 - loss 3.00700337 - samples/sec: 105.27
2020-04-21 17:18:45,115 epoch 20 - iter 33/118 - loss 2.94075599 - samples/sec: 95.29
2020-04-21 17:18:47,600 epoch 20 - iter 44/118 - loss 2.90169206 - samples/sec: 142.65
2020-04-21 17:18:50,707 epoch 20 - iter 55/118 - loss 2.90858723 - samples/sec: 113.80
2020-04-21 17:18:54,781 epoch 20 - iter 66/118 - loss 2.89079298 - samples/sec: 86.77
2020-04-21 17:18:58,198 epoch 20 - iter 77/118 - loss 2.96767063 - samples/sec: 103.42
2020-04-21 17:19:01,255 epoch 20 - iter 88/118 - loss 2.97763196 - samples/sec: 115.75
2020-04-21 17:19:05,082 epoch 20 - iter 99/118 - loss 2.97213152 - samples/sec: 92.30
2020-04-21 17:19:08,475 epoch 20 - iter 110/118 - loss 2.99104778 - samples/sec: 104.14
2020-04-21 17:19:10,489 ----------------------------------------------------------------------------------------------------
2020-04-21 17:19:10,489 EPOCH 20 done: loss 3.0360 - lr 0.0156
2020-04-21 17:19:41,090 DEV : loss 1.9797008037567139 - score 0.9688
2020-04-21 17:19:47,048 TEST : loss 1.9710153341293335 - score 0.9648
2020-04-21 17:19:47,143 BAD EPOCHS (no improvement): 1
2020-04-21 17:19:47,144 ----------------------------------------------------------------------------------------------------
2020-04-21 17:19:50,364 epoch 21 - iter 11/118 - loss 3.33481893 - samples/sec: 109.40
2020-04-21 17:19:53,766 epoch 21 - iter 22/118 - loss 3.38104324 - samples/sec: 104.30
2020-04-21 17:19:57,215 epoch 21 - iter 33/118 - loss 3.26820702 - samples/sec: 102.49
2020-04-21 17:20:01,054 epoch 21 - iter 44/118 - loss 3.20989546 - samples/sec: 92.07
2020-04-21 17:20:04,957 epoch 21 - iter 55/118 - loss 3.17169993 - samples/sec: 90.51
2020-04-21 17:20:08,697 epoch 21 - iter 66/118 - loss 3.10887400 - samples/sec: 94.57
2020-04-21 17:20:11,744 epoch 21 - iter 77/118 - loss 3.11118548 - samples/sec: 116.02
2020-04-21 17:20:15,109 epoch 21 - iter 88/118 - loss 3.06147757 - samples/sec: 105.07
2020-04-21 17:20:18,051 epoch 21 - iter 99/118 - loss 3.03472479 - samples/sec: 120.13
2020-04-21 17:20:21,261 epoch 21 - iter 110/118 - loss 3.04670007 - samples/sec: 110.22
2020-04-21 17:20:23,250 ----------------------------------------------------------------------------------------------------
2020-04-21 17:20:23,251 EPOCH 21 done: loss 3.0212 - lr 0.0156
2020-04-21 17:20:55,200 DEV : loss 1.9811195135116577 - score 0.9687
2020-04-21 17:21:01,052 TEST : loss 1.964544653892517 - score 0.9653
2020-04-21 17:21:01,125 BAD EPOCHS (no improvement): 2
2020-04-21 17:21:01,126 ----------------------------------------------------------------------------------------------------
2020-04-21 17:21:04,772 epoch 22 - iter 11/118 - loss 3.15139935 - samples/sec: 96.57
2020-04-21 17:21:08,551 epoch 22 - iter 22/118 - loss 3.15600517 - samples/sec: 93.62
2020-04-21 17:21:11,579 epoch 22 - iter 33/118 - loss 3.03182032 - samples/sec: 116.87
2020-04-21 17:21:15,585 epoch 22 - iter 44/118 - loss 3.14263519 - samples/sec: 88.19
2020-04-21 17:21:18,910 epoch 22 - iter 55/118 - loss 3.12716234 - samples/sec: 106.42
2020-04-21 17:21:21,938 epoch 22 - iter 66/118 - loss 3.06592589 - samples/sec: 116.79
2020-04-21 17:21:24,748 epoch 22 - iter 77/118 - loss 3.01224517 - samples/sec: 125.91
2020-04-21 17:21:28,343 epoch 22 - iter 88/118 - loss 3.00042404 - samples/sec: 98.43
2020-04-21 17:21:31,602 epoch 22 - iter 99/118 - loss 2.96098295 - samples/sec: 108.44
2020-04-21 17:21:34,132 epoch 22 - iter 110/118 - loss 2.93229374 - samples/sec: 140.10
2020-04-21 17:21:36,549 ----------------------------------------------------------------------------------------------------
2020-04-21 17:21:36,550 EPOCH 22 done: loss 2.9393 - lr 0.0078
2020-04-21 17:22:08,549 DEV : loss 1.9762959480285645 - score 0.9688
2020-04-21 17:22:14,637 TEST : loss 1.9620704650878906 - score 0.9651
2020-04-21 17:22:14,707 BAD EPOCHS (no improvement): 1
2020-04-21 17:22:14,707 ----------------------------------------------------------------------------------------------------
2020-04-21 17:22:18,072 epoch 23 - iter 11/118 - loss 3.13363203 - samples/sec: 104.69
2020-04-21 17:22:21,382 epoch 23 - iter 22/118 - loss 2.98279371 - samples/sec: 106.80
2020-04-21 17:22:24,202 epoch 23 - iter 33/118 - loss 3.00932499 - samples/sec: 125.34
2020-04-21 17:22:27,261 epoch 23 - iter 44/118 - loss 2.94038030 - samples/sec: 115.51
2020-04-21 17:22:30,968 epoch 23 - iter 55/118 - loss 2.92626940 - samples/sec: 95.29
2020-04-21 17:22:33,971 epoch 23 - iter 66/118 - loss 2.87460076 - samples/sec: 117.85
2020-04-21 17:22:37,249 epoch 23 - iter 77/118 - loss 2.86378990 - samples/sec: 107.85
2020-04-21 17:22:40,408 epoch 23 - iter 88/118 - loss 2.86478265 - samples/sec: 111.84
2020-04-21 17:22:43,403 epoch 23 - iter 99/118 - loss 2.89278640 - samples/sec: 118.21
2020-04-21 17:22:46,918 epoch 23 - iter 110/118 - loss 2.89395125 - samples/sec: 100.50
2020-04-21 17:22:49,270 ----------------------------------------------------------------------------------------------------
2020-04-21 17:22:49,270 EPOCH 23 done: loss 2.9450 - lr 0.0078
2020-04-21 17:23:21,444 DEV : loss 1.9740792512893677 - score 0.9689
2020-04-21 17:23:27,653 TEST : loss 1.9643545150756836 - score 0.9649
2020-04-21 17:23:27,762 BAD EPOCHS (no improvement): 2
2020-04-21 17:23:27,763 ----------------------------------------------------------------------------------------------------
2020-04-21 17:23:31,775 epoch 24 - iter 11/118 - loss 3.00514334 - samples/sec: 87.79
2020-04-21 17:23:34,617 epoch 24 - iter 22/118 - loss 2.83773381 - samples/sec: 124.47
2020-04-21 17:23:37,803 epoch 24 - iter 33/118 - loss 2.82409040 - samples/sec: 110.87
2020-04-21 17:23:41,423 epoch 24 - iter 44/118 - loss 2.86627416 - samples/sec: 97.55
2020-04-21 17:23:44,909 epoch 24 - iter 55/118 - loss 2.93580124 - samples/sec: 101.44
2020-04-21 17:23:48,049 epoch 24 - iter 66/118 - loss 2.94347010 - samples/sec: 112.54
2020-04-21 17:23:50,868 epoch 24 - iter 77/118 - loss 2.92939159 - samples/sec: 125.58
2020-04-21 17:23:53,906 epoch 24 - iter 88/118 - loss 2.92948761 - samples/sec: 116.51
2020-04-21 17:23:57,627 epoch 24 - iter 99/118 - loss 2.95048939 - samples/sec: 94.89
2020-04-21 17:24:00,512 epoch 24 - iter 110/118 - loss 2.94294873 - samples/sec: 122.70
2020-04-21 17:24:03,479 ----------------------------------------------------------------------------------------------------
2020-04-21 17:24:03,479 EPOCH 24 done: loss 2.9443 - lr 0.0039
2020-04-21 17:24:35,041 DEV : loss 1.9750791788101196 - score 0.969
2020-04-21 17:24:40,640 TEST : loss 1.9657660722732544 - score 0.965
2020-04-21 17:24:40,708 BAD EPOCHS (no improvement): 1
2020-04-21 17:24:40,708 ----------------------------------------------------------------------------------------------------
2020-04-21 17:24:43,858 epoch 25 - iter 11/118 - loss 2.81548305 - samples/sec: 111.81
2020-04-21 17:24:46,905 epoch 25 - iter 22/118 - loss 2.88686564 - samples/sec: 116.01
2020-04-21 17:24:50,212 epoch 25 - iter 33/118 - loss 2.90203333 - samples/sec: 106.88
2020-04-21 17:24:53,318 epoch 25 - iter 44/118 - loss 2.82634906 - samples/sec: 113.77
2020-04-21 17:24:55,893 epoch 25 - iter 55/118 - loss 2.84276831 - samples/sec: 137.61
2020-04-21 17:24:59,145 epoch 25 - iter 66/118 - loss 2.86429439 - samples/sec: 108.69
2020-04-21 17:25:03,767 epoch 25 - iter 77/118 - loss 2.92648979 - samples/sec: 76.41
2020-04-21 17:25:07,230 epoch 25 - iter 88/118 - loss 2.92167678 - samples/sec: 102.01
2020-04-21 17:25:10,331 epoch 25 - iter 99/118 - loss 2.92380391 - samples/sec: 114.10
2020-04-21 17:25:14,041 epoch 25 - iter 110/118 - loss 2.97980421 - samples/sec: 95.20
2020-04-21 17:25:16,166 ----------------------------------------------------------------------------------------------------
2020-04-21 17:25:16,167 EPOCH 25 done: loss 2.9829 - lr 0.0039
2020-04-21 17:25:47,299 DEV : loss 1.973291039466858 - score 0.969
2020-04-21 17:25:53,095 TEST : loss 1.9639689922332764 - score 0.9649
2020-04-21 17:25:53,169 BAD EPOCHS (no improvement): 2
2020-04-21 17:25:53,169 ----------------------------------------------------------------------------------------------------
2020-04-21 17:25:56,434 epoch 26 - iter 11/118 - loss 3.20475316 - samples/sec: 107.92
2020-04-21 17:25:59,661 epoch 26 - iter 22/118 - loss 3.07464327 - samples/sec: 109.51
2020-04-21 17:26:03,148 epoch 26 - iter 33/118 - loss 3.17815638 - samples/sec: 101.39
2020-04-21 17:26:06,750 epoch 26 - iter 44/118 - loss 3.13890535 - samples/sec: 98.07
2020-04-21 17:26:09,614 epoch 26 - iter 55/118 - loss 3.06448325 - samples/sec: 123.48
2020-04-21 17:26:13,086 epoch 26 - iter 66/118 - loss 3.03722935 - samples/sec: 101.77
2020-04-21 17:26:15,946 epoch 26 - iter 77/118 - loss 3.03066111 - samples/sec: 123.62
2020-04-21 17:26:19,217 epoch 26 - iter 88/118 - loss 2.99894644 - samples/sec: 108.08
2020-04-21 17:26:22,079 epoch 26 - iter 99/118 - loss 2.96677340 - samples/sec: 123.49
2020-04-21 17:26:25,458 epoch 26 - iter 110/118 - loss 2.97423561 - samples/sec: 104.60
2020-04-21 17:26:27,609 ----------------------------------------------------------------------------------------------------
2020-04-21 17:26:27,609 EPOCH 26 done: loss 2.9777 - lr 0.0020
2020-04-21 17:26:58,587 DEV : loss 1.9729536771774292 - score 0.969
2020-04-21 17:27:05,726 TEST : loss 1.9634441137313843 - score 0.965
2020-04-21 17:27:05,828 BAD EPOCHS (no improvement): 1
2020-04-21 17:27:05,829 ----------------------------------------------------------------------------------------------------
2020-04-21 17:27:08,890 epoch 27 - iter 11/118 - loss 2.86630984 - samples/sec: 115.07
2020-04-21 17:27:11,798 epoch 27 - iter 22/118 - loss 2.95110192 - samples/sec: 121.62
2020-04-21 17:27:15,863 epoch 27 - iter 33/118 - loss 3.00038544 - samples/sec: 86.90
2020-04-21 17:27:19,282 epoch 27 - iter 44/118 - loss 3.15159578 - samples/sec: 103.30
2020-04-21 17:27:22,504 epoch 27 - iter 55/118 - loss 3.09374232 - samples/sec: 109.73
2020-04-21 17:27:25,783 epoch 27 - iter 66/118 - loss 3.07671718 - samples/sec: 107.83
2020-04-21 17:27:28,886 epoch 27 - iter 77/118 - loss 3.03926542 - samples/sec: 114.06
2020-04-21 17:27:32,369 epoch 27 - iter 88/118 - loss 3.00279603 - samples/sec: 101.46
2020-04-21 17:27:36,057 epoch 27 - iter 99/118 - loss 3.00961532 - samples/sec: 95.82
2020-04-21 17:27:39,547 epoch 27 - iter 110/118 - loss 3.00429528 - samples/sec: 101.27
2020-04-21 17:27:41,628 ----------------------------------------------------------------------------------------------------
2020-04-21 17:27:41,628 EPOCH 27 done: loss 3.0144 - lr 0.0020
2020-04-21 17:28:14,467 DEV : loss 1.9729983806610107 - score 0.969
2020-04-21 17:28:19,972 TEST : loss 1.9627653360366821 - score 0.965
2020-04-21 17:28:20,042 BAD EPOCHS (no improvement): 2
2020-04-21 17:28:20,042 ----------------------------------------------------------------------------------------------------
2020-04-21 17:28:23,846 epoch 28 - iter 11/118 - loss 3.18973786 - samples/sec: 92.60
2020-04-21 17:28:27,626 epoch 28 - iter 22/118 - loss 3.16394271 - samples/sec: 93.46
2020-04-21 17:28:30,763 epoch 28 - iter 33/118 - loss 3.07952007 - samples/sec: 112.63
2020-04-21 17:28:33,493 epoch 28 - iter 44/118 - loss 2.96067642 - samples/sec: 129.55
2020-04-21 17:28:37,224 epoch 28 - iter 55/118 - loss 2.98883206 - samples/sec: 94.68
2020-04-21 17:28:39,825 epoch 28 - iter 66/118 - loss 2.96335888 - samples/sec: 136.23
2020-04-21 17:28:43,091 epoch 28 - iter 77/118 - loss 2.98212109 - samples/sec: 108.19
2020-04-21 17:28:46,564 epoch 28 - iter 88/118 - loss 3.01919209 - samples/sec: 101.72
2020-04-21 17:28:49,492 epoch 28 - iter 99/118 - loss 3.03294149 - samples/sec: 120.86
2020-04-21 17:28:52,526 epoch 28 - iter 110/118 - loss 2.99989506 - samples/sec: 116.57
2020-04-21 17:28:54,612 ----------------------------------------------------------------------------------------------------
2020-04-21 17:28:54,613 EPOCH 28 done: loss 3.0025 - lr 0.0010
2020-04-21 17:29:25,715 DEV : loss 1.9730873107910156 - score 0.969
2020-04-21 17:29:31,494 TEST : loss 1.9633487462997437 - score 0.965
2020-04-21 17:29:31,564 BAD EPOCHS (no improvement): 1
2020-04-21 17:29:31,564 ----------------------------------------------------------------------------------------------------
2020-04-21 17:29:34,595 epoch 29 - iter 11/118 - loss 3.04400747 - samples/sec: 116.23
2020-04-21 17:29:37,800 epoch 29 - iter 22/118 - loss 3.00823750 - samples/sec: 110.24
2020-04-21 17:29:41,054 epoch 29 - iter 33/118 - loss 3.06602061 - samples/sec: 108.66
2020-04-21 17:29:43,983 epoch 29 - iter 44/118 - loss 2.93808010 - samples/sec: 120.88
2020-04-21 17:29:47,414 epoch 29 - iter 55/118 - loss 2.93343681 - samples/sec: 103.05
2020-04-21 17:29:51,430 epoch 29 - iter 66/118 - loss 2.96399064 - samples/sec: 87.93
2020-04-21 17:29:54,464 epoch 29 - iter 77/118 - loss 2.95367325 - samples/sec: 116.54
2020-04-21 17:29:57,538 epoch 29 - iter 88/118 - loss 2.93795128 - samples/sec: 115.07
2020-04-21 17:30:00,951 epoch 29 - iter 99/118 - loss 2.98295557 - samples/sec: 103.53
2020-04-21 17:30:05,409 epoch 29 - iter 110/118 - loss 2.99188895 - samples/sec: 79.19
2020-04-21 17:30:08,381 ----------------------------------------------------------------------------------------------------
2020-04-21 17:30:08,381 EPOCH 29 done: loss 2.9706 - lr 0.0010
2020-04-21 17:30:40,622 DEV : loss 1.9731494188308716 - score 0.9689
2020-04-21 17:30:46,627 TEST : loss 1.9636831283569336 - score 0.965
2020-04-21 17:30:46,697 BAD EPOCHS (no improvement): 2
2020-04-21 17:30:46,698 ----------------------------------------------------------------------------------------------------
2020-04-21 17:30:50,040 epoch 30 - iter 11/118 - loss 3.04356833 - samples/sec: 105.38
2020-04-21 17:30:53,485 epoch 30 - iter 22/118 - loss 3.04101228 - samples/sec: 102.58
2020-04-21 17:30:56,254 epoch 30 - iter 33/118 - loss 2.96280989 - samples/sec: 127.78
2020-04-21 17:30:59,608 epoch 30 - iter 44/118 - loss 2.98547362 - samples/sec: 105.38
2020-04-21 17:31:03,406 epoch 30 - iter 55/118 - loss 2.89650685 - samples/sec: 93.03
2020-04-21 17:31:06,713 epoch 30 - iter 66/118 - loss 2.89564952 - samples/sec: 107.04
2020-04-21 17:31:10,530 epoch 30 - iter 77/118 - loss 2.86696545 - samples/sec: 92.56
2020-04-21 17:31:13,703 epoch 30 - iter 88/118 - loss 2.88232155 - samples/sec: 111.60
2020-04-21 17:31:17,302 epoch 30 - iter 99/118 - loss 2.93598416 - samples/sec: 98.13
2020-04-21 17:31:20,772 epoch 30 - iter 110/118 - loss 2.91655210 - samples/sec: 101.81
2020-04-21 17:31:23,051 ----------------------------------------------------------------------------------------------------
2020-04-21 17:31:23,051 EPOCH 30 done: loss 2.9059 - lr 0.0005
2020-04-21 17:31:54,339 DEV : loss 1.9727946519851685 - score 0.969
2020-04-21 17:32:00,081 TEST : loss 1.963207483291626 - score 0.965
2020-04-21 17:32:00,168 BAD EPOCHS (no improvement): 1
2020-04-21 17:32:00,169 ----------------------------------------------------------------------------------------------------
2020-04-21 17:32:03,682 epoch 31 - iter 11/118 - loss 3.03244631 - samples/sec: 100.26
2020-04-21 17:32:07,153 epoch 31 - iter 22/118 - loss 3.06451507 - samples/sec: 101.90
2020-04-21 17:32:10,806 epoch 31 - iter 33/118 - loss 3.07459586 - samples/sec: 96.78
2020-04-21 17:32:14,268 epoch 31 - iter 44/118 - loss 2.99123069 - samples/sec: 102.15
2020-04-21 17:32:17,446 epoch 31 - iter 55/118 - loss 2.95596036 - samples/sec: 111.35
2020-04-21 17:32:20,467 epoch 31 - iter 66/118 - loss 2.92306141 - samples/sec: 117.07
2020-04-21 17:32:23,997 epoch 31 - iter 77/118 - loss 2.90700553 - samples/sec: 100.13
2020-04-21 17:32:27,714 epoch 31 - iter 88/118 - loss 2.95275020 - samples/sec: 95.01
2020-04-21 17:32:31,047 epoch 31 - iter 99/118 - loss 2.95530367 - samples/sec: 106.03
2020-04-21 17:32:34,452 epoch 31 - iter 110/118 - loss 2.96580775 - samples/sec: 103.94
2020-04-21 17:32:36,368 ----------------------------------------------------------------------------------------------------
2020-04-21 17:32:36,369 EPOCH 31 done: loss 2.9731 - lr 0.0005
2020-04-21 17:33:07,631 DEV : loss 1.9729094505310059 - score 0.969
2020-04-21 17:33:14,044 TEST : loss 1.963285207748413 - score 0.965
2020-04-21 17:33:14,146 BAD EPOCHS (no improvement): 2
2020-04-21 17:33:14,147 ----------------------------------------------------------------------------------------------------
2020-04-21 17:33:17,264 epoch 32 - iter 11/118 - loss 2.83889840 - samples/sec: 113.01
2020-04-21 17:33:20,351 epoch 32 - iter 22/118 - loss 2.82695308 - samples/sec: 114.59
2020-04-21 17:33:23,310 epoch 32 - iter 33/118 - loss 2.92397487 - samples/sec: 119.43
2020-04-21 17:33:26,325 epoch 32 - iter 44/118 - loss 2.93822277 - samples/sec: 117.25
2020-04-21 17:33:29,690 epoch 32 - iter 55/118 - loss 2.90920288 - samples/sec: 104.97
2020-04-21 17:33:32,700 epoch 32 - iter 66/118 - loss 2.97655885 - samples/sec: 117.55
2020-04-21 17:33:36,246 epoch 32 - iter 77/118 - loss 3.03011967 - samples/sec: 99.63
2020-04-21 17:33:40,169 epoch 32 - iter 88/118 - loss 3.01332662 - samples/sec: 90.12
2020-04-21 17:33:43,284 epoch 32 - iter 99/118 - loss 3.00331493 - samples/sec: 113.53
2020-04-21 17:33:46,626 epoch 32 - iter 110/118 - loss 2.97976338 - samples/sec: 105.82
2020-04-21 17:33:49,025 ----------------------------------------------------------------------------------------------------
2020-04-21 17:33:49,025 EPOCH 32 done: loss 2.9832 - lr 0.0002
2020-04-21 17:34:21,270 DEV : loss 1.9729795455932617 - score 0.9689
2020-04-21 17:34:27,092 TEST : loss 1.9634552001953125 - score 0.965
2020-04-21 17:34:27,160 BAD EPOCHS (no improvement): 1
2020-04-21 17:34:27,160 ----------------------------------------------------------------------------------------------------
2020-04-21 17:34:30,286 epoch 33 - iter 11/118 - loss 2.87272086 - samples/sec: 112.71
2020-04-21 17:34:33,642 epoch 33 - iter 22/118 - loss 2.98456230 - samples/sec: 105.29
2020-04-21 17:34:36,478 epoch 33 - iter 33/118 - loss 2.93139242 - samples/sec: 124.69
2020-04-21 17:34:39,553 epoch 33 - iter 44/118 - loss 2.93807284 - samples/sec: 114.95
2020-04-21 17:34:43,627 epoch 33 - iter 55/118 - loss 3.01752538 - samples/sec: 86.73
2020-04-21 17:34:46,620 epoch 33 - iter 66/118 - loss 2.99133793 - samples/sec: 118.25
2020-04-21 17:34:49,786 epoch 33 - iter 77/118 - loss 2.94966967 - samples/sec: 111.64
2020-04-21 17:34:53,259 epoch 33 - iter 88/118 - loss 2.94169036 - samples/sec: 101.73
2020-04-21 17:34:56,922 epoch 33 - iter 99/118 - loss 2.94886415 - samples/sec: 96.55
2020-04-21 17:34:59,880 epoch 33 - iter 110/118 - loss 2.96280678 - samples/sec: 119.60
2020-04-21 17:35:02,471 ----------------------------------------------------------------------------------------------------
2020-04-21 17:35:02,471 EPOCH 33 done: loss 2.9648 - lr 0.0002
2020-04-21 17:35:32,587 DEV : loss 1.9727429151535034 - score 0.969
2020-04-21 17:35:38,182 TEST : loss 1.9633198976516724 - score 0.965
2020-04-21 17:35:38,251 BAD EPOCHS (no improvement): 2
2020-04-21 17:35:38,252 ----------------------------------------------------------------------------------------------------
2020-04-21 17:35:42,007 epoch 34 - iter 11/118 - loss 3.03791571 - samples/sec: 93.78
2020-04-21 17:35:44,926 epoch 34 - iter 22/118 - loss 2.96561022 - samples/sec: 121.21
2020-04-21 17:35:47,994 epoch 34 - iter 33/118 - loss 3.02513346 - samples/sec: 115.29
2020-04-21 17:35:51,574 epoch 34 - iter 44/118 - loss 3.05401139 - samples/sec: 98.76
2020-04-21 17:35:54,774 epoch 34 - iter 55/118 - loss 2.96375996 - samples/sec: 110.56
2020-04-21 17:35:58,445 epoch 34 - iter 66/118 - loss 2.95531521 - samples/sec: 96.31
2020-04-21 17:36:01,542 epoch 34 - iter 77/118 - loss 2.98513858 - samples/sec: 114.14
2020-04-21 17:36:05,066 epoch 34 - iter 88/118 - loss 3.01324114 - samples/sec: 100.26
2020-04-21 17:36:08,797 epoch 34 - iter 99/118 - loss 3.01286769 - samples/sec: 95.15
2020-04-21 17:36:12,647 epoch 34 - iter 110/118 - loss 2.98821104 - samples/sec: 91.80
2020-04-21 17:36:14,812 ----------------------------------------------------------------------------------------------------
2020-04-21 17:36:14,813 EPOCH 34 done: loss 2.9859 - lr 0.0001
2020-04-21 17:36:46,492 DEV : loss 1.9727058410644531 - score 0.969
2020-04-21 17:36:52,439 TEST : loss 1.9633023738861084 - score 0.965
2020-04-21 17:36:52,544 BAD EPOCHS (no improvement): 1
2020-04-21 17:36:52,544 ----------------------------------------------------------------------------------------------------
2020-04-21 17:36:55,299 epoch 35 - iter 11/118 - loss 2.68296123 - samples/sec: 127.91
2020-04-21 17:36:58,774 epoch 35 - iter 22/118 - loss 2.60187896 - samples/sec: 101.66
2020-04-21 17:37:01,770 epoch 35 - iter 33/118 - loss 2.74432774 - samples/sec: 117.96
2020-04-21 17:37:05,350 epoch 35 - iter 44/118 - loss 2.81044199 - samples/sec: 98.77
2020-04-21 17:37:09,049 epoch 35 - iter 55/118 - loss 2.93128774 - samples/sec: 95.53
2020-04-21 17:37:12,721 epoch 35 - iter 66/118 - loss 2.93783556 - samples/sec: 96.29
2020-04-21 17:37:15,895 epoch 35 - iter 77/118 - loss 2.92683315 - samples/sec: 111.40
2020-04-21 17:37:19,630 epoch 35 - iter 88/118 - loss 2.93397115 - samples/sec: 94.56
2020-04-21 17:37:22,796 epoch 35 - iter 99/118 - loss 2.91503446 - samples/sec: 111.74
2020-04-21 17:37:25,846 epoch 35 - iter 110/118 - loss 2.93364380 - samples/sec: 115.89
2020-04-21 17:37:28,592 ----------------------------------------------------------------------------------------------------
2020-04-21 17:37:28,593 EPOCH 35 done: loss 2.9649 - lr 0.0001
2020-04-21 17:38:00,193 DEV : loss 1.972686767578125 - score 0.969
2020-04-21 17:38:06,211 TEST : loss 1.9632457494735718 - score 0.965
2020-04-21 17:38:06,281 BAD EPOCHS (no improvement): 2
2020-04-21 17:38:06,281 ----------------------------------------------------------------------------------------------------
2020-04-21 17:38:09,736 epoch 36 - iter 11/118 - loss 2.96017491 - samples/sec: 101.93
2020-04-21 17:38:13,423 epoch 36 - iter 22/118 - loss 2.85518794 - samples/sec: 95.96
2020-04-21 17:38:16,267 epoch 36 - iter 33/118 - loss 2.90202173 - samples/sec: 124.40
2020-04-21 17:38:19,050 epoch 36 - iter 44/118 - loss 2.91258378 - samples/sec: 127.10
2020-04-21 17:38:22,466 epoch 36 - iter 55/118 - loss 2.83872519 - samples/sec: 103.55
2020-04-21 17:38:26,000 epoch 36 - iter 66/118 - loss 2.91107059 - samples/sec: 99.95
2020-04-21 17:38:29,542 epoch 36 - iter 77/118 - loss 2.90573299 - samples/sec: 99.80
2020-04-21 17:38:33,014 epoch 36 - iter 88/118 - loss 2.92832121 - samples/sec: 101.82
2020-04-21 17:38:36,267 epoch 36 - iter 99/118 - loss 2.90494920 - samples/sec: 108.61
2020-04-21 17:38:39,762 epoch 36 - iter 110/118 - loss 2.92113904 - samples/sec: 101.12
2020-04-21 17:38:42,093 ----------------------------------------------------------------------------------------------------
2020-04-21 17:38:42,093 EPOCH 36 done: loss 2.9409 - lr 0.0001
2020-04-21 17:39:15,188 DEV : loss 1.9727085828781128 - score 0.969
2020-04-21 17:39:20,757 TEST : loss 1.9633020162582397 - score 0.965
2020-04-21 17:39:20,828 BAD EPOCHS (no improvement): 1
2020-04-21 17:39:20,829 ----------------------------------------------------------------------------------------------------
2020-04-21 17:39:24,163 epoch 37 - iter 11/118 - loss 2.72277073 - samples/sec: 105.66
2020-04-21 17:39:27,345 epoch 37 - iter 22/118 - loss 2.87132866 - samples/sec: 111.07
2020-04-21 17:39:30,517 epoch 37 - iter 33/118 - loss 2.95887651 - samples/sec: 111.40
2020-04-21 17:39:33,707 epoch 37 - iter 44/118 - loss 2.98024893 - samples/sec: 110.84
2020-04-21 17:39:36,686 epoch 37 - iter 55/118 - loss 2.97225033 - samples/sec: 118.68
2020-04-21 17:39:40,125 epoch 37 - iter 66/118 - loss 2.97562591 - samples/sec: 102.75
2020-04-21 17:39:43,511 epoch 37 - iter 77/118 - loss 3.02124781 - samples/sec: 104.48
2020-04-21 17:39:46,750 epoch 37 - iter 88/118 - loss 3.00639484 - samples/sec: 109.08
2020-04-21 17:39:49,832 epoch 37 - iter 99/118 - loss 2.98953215 - samples/sec: 114.65
2020-04-21 17:39:53,085 epoch 37 - iter 110/118 - loss 2.98054729 - samples/sec: 108.57
2020-04-21 17:39:55,285 ----------------------------------------------------------------------------------------------------
2020-04-21 17:39:55,285 EPOCH 37 done: loss 2.9642 - lr 0.0001
2020-04-21 17:40:27,915 DEV : loss 1.9726452827453613 - score 0.969
2020-04-21 17:40:33,844 TEST : loss 1.9632457494735718 - score 0.965
2020-04-21 17:40:33,921 BAD EPOCHS (no improvement): 2
2020-04-21 17:40:33,922 ----------------------------------------------------------------------------------------------------
2020-04-21 17:40:37,388 epoch 38 - iter 11/118 - loss 3.07512769 - samples/sec: 101.62
2020-04-21 17:40:40,927 epoch 38 - iter 22/118 - loss 2.97231234 - samples/sec: 99.91
2020-04-21 17:40:44,421 epoch 38 - iter 33/118 - loss 2.98043711 - samples/sec: 101.22
2020-04-21 17:40:47,614 epoch 38 - iter 44/118 - loss 2.89767621 - samples/sec: 110.66
2020-04-21 17:40:50,819 epoch 38 - iter 55/118 - loss 2.95459797 - samples/sec: 110.39
2020-04-21 17:40:53,941 epoch 38 - iter 66/118 - loss 2.98854632 - samples/sec: 113.17
2020-04-21 17:40:57,246 epoch 38 - iter 77/118 - loss 2.97892113 - samples/sec: 107.05
2020-04-21 17:41:00,401 epoch 38 - iter 88/118 - loss 2.97520562 - samples/sec: 112.16
2020-04-21 17:41:04,493 epoch 38 - iter 99/118 - loss 2.97310695 - samples/sec: 86.42
2020-04-21 17:41:07,910 epoch 38 - iter 110/118 - loss 2.96058437 - samples/sec: 103.50
2020-04-21 17:41:10,343 ----------------------------------------------------------------------------------------------------
2020-04-21 17:41:10,343 EPOCH 38 done: loss 2.9753 - lr 0.0000
2020-04-21 17:41:41,044 DEV : loss 1.972651481628418 - score 0.969
2020-04-21 17:41:47,097 TEST : loss 1.963248610496521 - score 0.965
2020-04-21 17:41:47,165 BAD EPOCHS (no improvement): 1
2020-04-21 17:41:47,165 ----------------------------------------------------------------------------------------------------
2020-04-21 17:41:50,033 epoch 39 - iter 11/118 - loss 2.87678263 - samples/sec: 122.82
2020-04-21 17:41:53,234 epoch 39 - iter 22/118 - loss 2.95285918 - samples/sec: 110.55
2020-04-21 17:41:56,355 epoch 39 - iter 33/118 - loss 2.84471362 - samples/sec: 113.40
2020-04-21 17:42:00,176 epoch 39 - iter 44/118 - loss 2.87723316 - samples/sec: 92.52
2020-04-21 17:42:03,535 epoch 39 - iter 55/118 - loss 2.95523351 - samples/sec: 105.31
2020-04-21 17:42:06,879 epoch 39 - iter 66/118 - loss 2.87919512 - samples/sec: 105.79
2020-04-21 17:42:10,125 epoch 39 - iter 77/118 - loss 2.90496947 - samples/sec: 108.88
2020-04-21 17:42:13,892 epoch 39 - iter 88/118 - loss 2.90364349 - samples/sec: 93.73
2020-04-21 17:42:17,434 epoch 39 - iter 99/118 - loss 2.93013277 - samples/sec: 99.76
2020-04-21 17:42:20,441 epoch 39 - iter 110/118 - loss 2.92518475 - samples/sec: 117.52
2020-04-21 17:42:22,710 ----------------------------------------------------------------------------------------------------
2020-04-21 17:42:22,710 EPOCH 39 done: loss 2.9348 - lr 0.0000
2020-04-21 17:42:55,174 DEV : loss 1.972642421722412 - score 0.969
2020-04-21 17:43:01,188 TEST : loss 1.9632571935653687 - score 0.965
2020-04-21 17:43:01,269 BAD EPOCHS (no improvement): 2
2020-04-21 17:43:01,270 ----------------------------------------------------------------------------------------------------
2020-04-21 17:43:04,270 epoch 40 - iter 11/118 - loss 2.92531733 - samples/sec: 117.46
2020-04-21 17:43:07,682 epoch 40 - iter 22/118 - loss 2.80095465 - samples/sec: 103.70
2020-04-21 17:43:11,029 epoch 40 - iter 33/118 - loss 2.88462403 - samples/sec: 105.63
2020-04-21 17:43:14,119 epoch 40 - iter 44/118 - loss 2.93181083 - samples/sec: 114.39
2020-04-21 17:43:18,352 epoch 40 - iter 55/118 - loss 2.94864054 - samples/sec: 83.44
2020-04-21 17:43:21,303 epoch 40 - iter 66/118 - loss 2.92865281 - samples/sec: 119.77
2020-04-21 17:43:24,210 epoch 40 - iter 77/118 - loss 2.89297437 - samples/sec: 121.67
2020-04-21 17:43:27,712 epoch 40 - iter 88/118 - loss 2.89719421 - samples/sec: 100.91
2020-04-21 17:43:31,269 epoch 40 - iter 99/118 - loss 2.91972574 - samples/sec: 99.43
2020-04-21 17:43:34,411 epoch 40 - iter 110/118 - loss 2.93122261 - samples/sec: 112.50
2020-04-21 17:43:36,635 ----------------------------------------------------------------------------------------------------
2020-04-21 17:43:36,635 EPOCH 40 done: loss 2.9488 - lr 0.0000
2020-04-21 17:44:08,430 DEV : loss 1.9726381301879883 - score 0.969
2020-04-21 17:44:14,922 TEST : loss 1.9632587432861328 - score 0.965
2020-04-21 17:44:14,997 BAD EPOCHS (no improvement): 1
2020-04-21 17:44:14,998 ----------------------------------------------------------------------------------------------------
2020-04-21 17:44:19,174 epoch 41 - iter 11/118 - loss 3.07981313 - samples/sec: 84.35
2020-04-21 17:44:22,329 epoch 41 - iter 22/118 - loss 2.99112757 - samples/sec: 112.09
2020-04-21 17:44:25,492 epoch 41 - iter 33/118 - loss 2.99400705 - samples/sec: 111.85
2020-04-21 17:44:28,816 epoch 41 - iter 44/118 - loss 2.98451242 - samples/sec: 106.88
2020-04-21 17:44:32,089 epoch 41 - iter 55/118 - loss 2.97671798 - samples/sec: 108.04
2020-04-21 17:44:35,082 epoch 41 - iter 66/118 - loss 2.94697477 - samples/sec: 118.23
2020-04-21 17:44:37,776 epoch 41 - iter 77/118 - loss 2.90898382 - samples/sec: 131.33
2020-04-21 17:44:40,828 epoch 41 - iter 88/118 - loss 2.92333381 - samples/sec: 115.98
2020-04-21 17:44:44,430 epoch 41 - iter 99/118 - loss 2.90493619 - samples/sec: 98.05
2020-04-21 17:44:47,926 epoch 41 - iter 110/118 - loss 2.92583799 - samples/sec: 101.05
2020-04-21 17:44:50,300 ----------------------------------------------------------------------------------------------------
2020-04-21 17:44:50,300 EPOCH 41 done: loss 2.9124 - lr 0.0000
2020-04-21 17:45:22,436 DEV : loss 1.9726231098175049 - score 0.969
2020-04-21 17:45:28,620 TEST : loss 1.9632426500320435 - score 0.965
2020-04-21 17:45:28,794 BAD EPOCHS (no improvement): 2
2020-04-21 17:45:28,794 ----------------------------------------------------------------------------------------------------
2020-04-21 17:45:28,794 ----------------------------------------------------------------------------------------------------
2020-04-21 17:45:28,794 learning rate too small - quitting training!
2020-04-21 17:45:28,795 ----------------------------------------------------------------------------------------------------
2020-04-21 17:45:28,795 ----------------------------------------------------------------------------------------------------
2020-04-21 17:45:28,795 Testing using best model ...
2020-04-21 17:45:28,796 loading file /tmp/best-model.pt
2020-04-21 17:45:35,233 0.9646	0.9646	0.9646
2020-04-21 17:45:35,233 
MICRO_AVG: acc 0.9317 - f1-score 0.9646
MACRO_AVG: acc 0.8353 - f1-score 0.8908588235294116
ADJ        tp: 1025 - fp: 96 - fn: 78 - tn: 1025 - precision: 0.9144 - recall: 0.9293 - accuracy: 0.8549 - f1-score: 0.9218
ADP        tp: 1663 - fp: 59 - fn: 30 - tn: 1663 - precision: 0.9657 - recall: 0.9823 - accuracy: 0.9492 - f1-score: 0.9739
ADV        tp: 498 - fp: 42 - fn: 61 - tn: 498 - precision: 0.9222 - recall: 0.8909 - accuracy: 0.8286 - f1-score: 0.9063
AUX        tp: 667 - fp: 25 - fn: 6 - tn: 667 - precision: 0.9639 - recall: 0.9911 - accuracy: 0.9556 - f1-score: 0.9773
CCONJ      tp: 557 - fp: 3 - fn: 5 - tn: 557 - precision: 0.9946 - recall: 0.9911 - accuracy: 0.9858 - f1-score: 0.9928
DET        tp: 1295 - fp: 9 - fn: 13 - tn: 1295 - precision: 0.9931 - recall: 0.9901 - accuracy: 0.9833 - f1-score: 0.9916
INTJ       tp: 2 - fp: 4 - fn: 0 - tn: 2 - precision: 0.3333 - recall: 1.0000 - accuracy: 0.3333 - f1-score: 0.5000
NOUN       tp: 3019 - fp: 91 - fn: 139 - tn: 3019 - precision: 0.9707 - recall: 0.9560 - accuracy: 0.9292 - f1-score: 0.9633
NUM        tp: 339 - fp: 9 - fn: 3 - tn: 339 - precision: 0.9741 - recall: 0.9912 - accuracy: 0.9658 - f1-score: 0.9826
PART       tp: 312 - fp: 0 - fn: 9 - tn: 312 - precision: 1.0000 - recall: 0.9720 - accuracy: 0.9720 - f1-score: 0.9858
PRON       tp: 925 - fp: 25 - fn: 11 - tn: 925 - precision: 0.9737 - recall: 0.9882 - accuracy: 0.9625 - f1-score: 0.9809
PROPN      tp: 1284 - fp: 108 - fn: 67 - tn: 1284 - precision: 0.9224 - recall: 0.9504 - accuracy: 0.8801 - f1-score: 0.9362
PUNCT      tp: 1986 - fp: 8 - fn: 3 - tn: 1986 - precision: 0.9960 - recall: 0.9985 - accuracy: 0.9945 - f1-score: 0.9972
SCONJ      tp: 235 - fp: 23 - fn: 37 - tn: 235 - precision: 0.9109 - recall: 0.8640 - accuracy: 0.7966 - f1-score: 0.8868
SYM        tp: 20 - fp: 2 - fn: 11 - tn: 20 - precision: 0.9091 - recall: 0.6452 - accuracy: 0.6061 - f1-score: 0.7547
VERB       tp: 1523 - fp: 52 - fn: 68 - tn: 1523 - precision: 0.9670 - recall: 0.9573 - accuracy: 0.9270 - f1-score: 0.9621
X          tp: 11 - fp: 7 - fn: 22 - tn: 11 - precision: 0.6111 - recall: 0.3333 - accuracy: 0.2750 - f1-score: 0.4313
2020-04-21 17:45:35,233 ----------------------------------------------------------------------------------------------------
2020-04-21 17:48:55.524 [INFO ] [service/train/v3] Training completed. Elapsed time 3670.46 sec. Model score:
model_eval(dataset='train', accuracy=1.0)
model_eval(dataset='dev', accuracy=1.0)
model_eval(dataset='test', accuracy=1.0)
2020-04-21 17:48:55.525 [INFO ] [service/train/v3] Saving model to /home/dkisler/projects/assessment_back_ml_eng/model/v3/2020/04/21/v3_20200421T15481587480535Z.pt